2023-06-12 16:28:07,032 INFO o.s.b.StartupInfoLogger [restartedMain] Starting JpaConnectionApplication using Java 17.0.7 with PID 24454 (/home/nikhil/Desktop/codeBase/Nikhil/JdbcConnection/target/classes started by nikhil in /home/nikhil/Desktop/codeBase/Nikhil/JdbcConnection)
2023-06-12 16:28:07,035 DEBUG o.s.b.StartupInfoLogger [restartedMain] Running with Spring Boot v3.1.0, Spring v6.0.9
2023-06-12 16:28:07,036 INFO o.s.b.SpringApplication [restartedMain] No active profile set, falling back to 1 default profile: "default"
2023-06-12 16:28:07,056 INFO o.s.b.l.DeferredLog [restartedMain] Devtools property defaults active! Set 'spring.devtools.add-properties' to 'false' to disable
2023-06-12 16:28:07,056 INFO o.s.b.l.DeferredLog [restartedMain] For additional web related logging consider setting the 'logging.level.web' property to 'DEBUG'
2023-06-12 16:28:07,322 INFO o.s.d.r.c.RepositoryConfigurationDelegate [restartedMain] Bootstrapping Spring Data JPA repositories in DEFAULT mode.
2023-06-12 16:28:07,346 INFO o.s.d.r.c.RepositoryConfigurationDelegate [restartedMain] Finished Spring Data repository scanning in 20 ms. Found 1 JPA repository interfaces.
2023-06-12 16:28:07,607 INFO o.s.b.w.e.t.TomcatWebServer [restartedMain] Tomcat initialized with port(s): 8080 (http)
2023-06-12 16:28:07,613 INFO o.a.j.l.DirectJDKLog [restartedMain] Initializing ProtocolHandler ["http-nio-8080"]
2023-06-12 16:28:07,614 INFO o.a.j.l.DirectJDKLog [restartedMain] Starting service [Tomcat]
2023-06-12 16:28:07,614 INFO o.a.j.l.DirectJDKLog [restartedMain] Starting Servlet engine: [Apache Tomcat/10.1.8]
2023-06-12 16:28:07,641 INFO o.a.j.l.DirectJDKLog [restartedMain] Initializing Spring embedded WebApplicationContext
2023-06-12 16:28:07,642 INFO o.s.b.w.s.c.ServletWebServerApplicationContext [restartedMain] Root WebApplicationContext: initialization completed in 585 ms
2023-06-12 16:28:07,715 INFO o.h.j.i.u.LogHelper [restartedMain] HHH000204: Processing PersistenceUnitInfo [name: default]
2023-06-12 16:28:07,735 INFO o.h.Version [restartedMain] HHH000412: Hibernate ORM core version 6.2.2.Final
2023-06-12 16:28:07,736 INFO o.h.c.Environment [restartedMain] HHH000406: Using bytecode reflection optimizer
2023-06-12 16:28:07,810 INFO o.h.b.i.BytecodeProviderInitiator [restartedMain] HHH000021: Bytecode provider name : bytebuddy
2023-06-12 16:28:07,864 INFO o.s.o.j.p.SpringPersistenceUnitInfo [restartedMain] No LoadTimeWeaver setup: ignoring JPA class transformer
2023-06-12 16:28:07,872 INFO c.z.h.HikariDataSource [restartedMain] HikariPool-1 - Starting...
2023-06-12 16:28:07,998 INFO c.z.h.p.HikariPool [restartedMain] HikariPool-1 - Added connection com.mysql.cj.jdbc.ConnectionImpl@4bbd776d
2023-06-12 16:28:07,999 INFO c.z.h.HikariDataSource [restartedMain] HikariPool-1 - Start completed.
2023-06-12 16:28:08,018 INFO o.h.e.j.d.i.DialectFactoryImpl [restartedMain] HHH035001: Using dialect: org.hibernate.dialect.MySQL8Dialect, version: 8.0
2023-06-12 16:28:08,019 WARN o.h.e.j.d.i.DialectFactoryImpl [restartedMain] HHH90000026: MySQL8Dialect has been deprecated; use org.hibernate.dialect.MySQLDialect instead
2023-06-12 16:28:08,096 INFO o.h.b.i.BytecodeProviderInitiator [restartedMain] HHH000021: Bytecode provider name : bytebuddy
2023-06-12 16:28:08,333 INFO o.h.e.t.j.p.i.JtaPlatformInitiator [restartedMain] HHH000490: Using JtaPlatform implementation: [org.hibernate.engine.transaction.jta.platform.internal.NoJtaPlatform]
2023-06-12 16:28:08,356 INFO o.s.o.j.AbstractEntityManagerFactoryBean [restartedMain] Initialized JPA EntityManagerFactory for persistence unit 'default'
2023-06-12 16:28:08,485 WARN o.s.b.a.o.j.JpaBaseConfiguration$JpaWebConfiguration [restartedMain] spring.jpa.open-in-view is enabled by default. Therefore, database queries may be performed during view rendering. Explicitly configure spring.jpa.open-in-view to disable this warning
2023-06-12 16:28:08,630 INFO o.s.b.d.a.OptionalLiveReloadServer [restartedMain] LiveReload server is running on port 35729
2023-06-12 16:28:08,635 INFO o.a.j.l.DirectJDKLog [restartedMain] Starting ProtocolHandler ["http-nio-8080"]
2023-06-12 16:28:08,641 INFO o.s.b.w.e.t.TomcatWebServer [restartedMain] Tomcat started on port(s): 8080 (http) with context path ''
2023-06-12 16:28:08,646 INFO o.s.b.StartupInfoLogger [restartedMain] Started JpaConnectionApplication in 1.775 seconds (process running for 2.171)
2023-06-12 16:28:41,168 INFO o.a.j.l.DirectJDKLog [http-nio-8080-exec-1] Initializing Spring DispatcherServlet 'dispatcherServlet'
2023-06-12 16:28:41,168 INFO o.s.w.s.FrameworkServlet [http-nio-8080-exec-1] Initializing Servlet 'dispatcherServlet'
2023-06-12 16:28:41,169 INFO o.s.w.s.FrameworkServlet [http-nio-8080-exec-1] Completed initialization in 0 ms
2023-06-12 16:28:41,208 INFO c.a.J.S.UserService [http-nio-8080-exec-1] Saving user: null
2023-06-12 16:28:41,244 INFO c.a.J.C.UserController [http-nio-8080-exec-1] Saved user: null
2023-06-12 16:28:49,469 INFO c.a.J.S.UserService [http-nio-8080-exec-3] Saving user: Ram
2023-06-12 16:28:49,474 INFO c.a.J.C.UserController [http-nio-8080-exec-3] Saved user: Ram
2023-06-12 16:52:45,148 INFO o.s.o.j.AbstractEntityManagerFactoryBean [SpringApplicationShutdownHook] Closing JPA EntityManagerFactory for persistence unit 'default'
2023-06-12 16:52:45,150 INFO c.z.h.HikariDataSource [SpringApplicationShutdownHook] HikariPool-1 - Shutdown initiated...
2023-06-12 16:52:45,154 INFO c.z.h.HikariDataSource [SpringApplicationShutdownHook] HikariPool-1 - Shutdown completed.
